{
  "RSpec": {
    "coverage": {
      "/home/yuki/pass2u-ruby/lib/pass2u.rb": {
        "lines": [
          1,
          1,
          null,
          1,
          1,
          16,
          null,
          null,
          1,
          5,
          null,
          null
        ]
      },
      "/home/yuki/pass2u-ruby/lib/pass2u/client.rb": {
        "lines": [
          1,
          1,
          1,
          null,
          1,
          1,
          1,
          3,
          3,
          null,
          null,
          null,
          null,
          null,
          null,
          null,
          null,
          1,
          3,
          3,
          3,
          null,
          2,
          null,
          1,
          null,
          null,
          null,
          null,
          1,
          null,
          null,
          null,
          null,
          null,
          1,
          null,
          null,
          1,
          3,
          null,
          null,
          null,
          1,
          3,
          3,
          3,
          null,
          null,
          null,
          1,
          3,
          3,
          2,
          null,
          null,
          null,
          1,
          2,
          1,
          1,
          null,
          null,
          null,
          null,
          null,
          1,
          null,
          null,
          null,
          1,
          1,
          null,
          0,
          null,
          null,
          null,
          1,
          3,
          null,
          null,
          null,
          null,
          null,
          null,
          1,
          null,
          3,
          null,
          null,
          null,
          null,
          null,
          null
        ]
      },
      "/home/yuki/pass2u-ruby/lib/pass2u/error.rb": {
        "lines": [
          1,
          1,
          null,
          1,
          1,
          null,
          1,
          3,
          3,
          null,
          null,
          null,
          1,
          1,
          null,
          1,
          2,
          2,
          null,
          null,
          null
        ]
      },
      "/home/yuki/pass2u-ruby/lib/pass2u/configuration.rb": {
        "lines": [
          1,
          1,
          1,
          null,
          1,
          1,
          null,
          null,
          1,
          null,
          1,
          1,
          1,
          null,
          null,
          null
        ]
      },
      "/home/yuki/pass2u-ruby/spec/error_spec.rb": {
        "lines": [
          1,
          1,
          null,
          1,
          2,
          2,
          null,
          1,
          1,
          null,
          null,
          null,
          1,
          2,
          2,
          null,
          1,
          1,
          null,
          null
        ]
      },
      "/home/yuki/pass2u-ruby/spec/pass2u_spec.rb": {
        "lines": [
          1,
          1,
          null,
          1,
          1,
          1,
          1,
          null,
          null,
          null,
          1,
          1,
          1,
          null,
          1,
          null,
          null,
          null,
          1,
          1,
          2,
          null,
          null,
          null,
          1,
          1,
          1,
          null,
          null,
          1,
          null,
          null,
          null
        ]
      }
    },
    "timestamp": 1726671837
  }
}
