<?xml version='1.0'?>
<!DOCTYPE coverage SYSTEM "http://cobertura.sourceforge.net/xml/coverage-04.dtd">
<!-- Generated by simplecov-cobertura version 2.1.0 (https://github.com/dashingrocket/simplecov-cobertura) -->
<coverage line-rate="0.99" lines-covered="94" lines-valid="95" complexity="0" version="0" timestamp="1726671837">
  <sources>
    <source>/home/yuki/pass2u-ruby</source>
  </sources>
  <packages>
    <package name="pass2u-ruby" line-rate="0.99" complexity="0">
      <classes>
        <class name="pass2u" filename="lib/pass2u.rb" line-rate="1.0" complexity="0">
          <methods/>
          <lines>
            <line number="1" hits="1"/>
            <line number="2" hits="1"/>
            <line number="4" hits="1"/>
            <line number="5" hits="1"/>
            <line number="6" hits="16"/>
            <line number="9" hits="1"/>
            <line number="10" hits="5"/>
          </lines>
        </class>
        <class name="client" filename="lib/pass2u/client.rb" line-rate="0.97" complexity="0">
          <methods/>
          <lines>
            <line number="1" hits="1"/>
            <line number="2" hits="1"/>
            <line number="3" hits="1"/>
            <line number="5" hits="1"/>
            <line number="6" hits="1"/>
            <line number="7" hits="1"/>
            <line number="8" hits="3"/>
            <line number="9" hits="3"/>
            <line number="18" hits="1"/>
            <line number="19" hits="3"/>
            <line number="20" hits="3"/>
            <line number="21" hits="3"/>
            <line number="23" hits="2"/>
            <line number="25" hits="1"/>
            <line number="30" hits="1"/>
            <line number="36" hits="1"/>
            <line number="39" hits="1"/>
            <line number="40" hits="3"/>
            <line number="44" hits="1"/>
            <line number="45" hits="3"/>
            <line number="46" hits="3"/>
            <line number="47" hits="3"/>
            <line number="51" hits="1"/>
            <line number="52" hits="3"/>
            <line number="53" hits="3"/>
            <line number="54" hits="2"/>
            <line number="58" hits="1"/>
            <line number="59" hits="2"/>
            <line number="60" hits="1"/>
            <line number="61" hits="1"/>
            <line number="67" hits="1"/>
            <line number="71" hits="1"/>
            <line number="72" hits="1"/>
            <line number="74" hits="0"/>
            <line number="78" hits="1"/>
            <line number="79" hits="3"/>
            <line number="86" hits="1"/>
            <line number="88" hits="3"/>
          </lines>
        </class>
        <class name="configuration" filename="lib/pass2u/configuration.rb" line-rate="1.0" complexity="0">
          <methods/>
          <lines>
            <line number="1" hits="1"/>
            <line number="2" hits="1"/>
            <line number="3" hits="1"/>
            <line number="5" hits="1"/>
            <line number="6" hits="1"/>
            <line number="9" hits="1"/>
            <line number="11" hits="1"/>
            <line number="12" hits="1"/>
            <line number="13" hits="1"/>
          </lines>
        </class>
        <class name="error" filename="lib/pass2u/error.rb" line-rate="1.0" complexity="0">
          <methods/>
          <lines>
            <line number="1" hits="1"/>
            <line number="2" hits="1"/>
            <line number="4" hits="1"/>
            <line number="5" hits="1"/>
            <line number="7" hits="1"/>
            <line number="8" hits="3"/>
            <line number="9" hits="3"/>
            <line number="13" hits="1"/>
            <line number="14" hits="1"/>
            <line number="16" hits="1"/>
            <line number="17" hits="2"/>
            <line number="18" hits="2"/>
          </lines>
        </class>
        <class name="error_spec" filename="spec/error_spec.rb" line-rate="1.0" complexity="0">
          <methods/>
          <lines>
            <line number="1" hits="1"/>
            <line number="2" hits="1"/>
            <line number="4" hits="1"/>
            <line number="5" hits="2"/>
            <line number="6" hits="2"/>
            <line number="8" hits="1"/>
            <line number="9" hits="1"/>
            <line number="13" hits="1"/>
            <line number="14" hits="2"/>
            <line number="15" hits="2"/>
            <line number="17" hits="1"/>
            <line number="18" hits="1"/>
          </lines>
        </class>
        <class name="pass2u_spec" filename="spec/pass2u_spec.rb" line-rate="1.0" complexity="0">
          <methods/>
          <lines>
            <line number="1" hits="1"/>
            <line number="2" hits="1"/>
            <line number="4" hits="1"/>
            <line number="5" hits="1"/>
            <line number="6" hits="1"/>
            <line number="7" hits="1"/>
            <line number="11" hits="1"/>
            <line number="12" hits="1"/>
            <line number="13" hits="1"/>
            <line number="15" hits="1"/>
            <line number="19" hits="1"/>
            <line number="20" hits="1"/>
            <line number="21" hits="2"/>
            <line number="25" hits="1"/>
            <line number="26" hits="1"/>
            <line number="27" hits="1"/>
            <line number="30" hits="1"/>
          </lines>
        </class>
      </classes>
    </package>
  </packages>
</coverage>